<?xml version="1.0" encoding="UTF-8"?>
<!-- Generated by org.testng.reporters.JUnitReportReporter -->
<testsuite hostname="DESKTOP-SEE9OFQ" failures="0" tests="1" name="com.iween.testcase.TCCP_1" time="73.887" errors="0" timestamp="2025-08-22T16:41:05 IST" skipped="0">
  <testcase classname="com.iween.testcase.TCCP_1" name="myTest" time="73.887"/>
</testsuite> <!-- com.iween.testcase.TCCP_1 -->
