<?xml version="1.0" encoding="UTF-8"?>
<!-- Generated by org.testng.reporters.JUnitReportReporter -->
<testsuite hostname="DESKTOP-SEE9OFQ" failures="0" tests="1" name="com.iween.testcaseRoundTrip.TCCPR_1" time="156.731" errors="0" timestamp="2025-08-21T15:29:10 IST" skipped="0">
  <testcase classname="com.iween.testcaseRoundTrip.TCCPR_1" name="myTest" time="156.731"/>
</testsuite> <!-- com.iween.testcaseRoundTrip.TCCPR_1 -->
