<?xml version="1.0" encoding="UTF-8"?>
<!-- Generated by org.testng.reporters.JUnitReportReporter -->
<testsuite hostname="DESKTOP-SEE9OFQ" failures="0" tests="1" name="com.iween.testcase.TCCP_4" time="28.084" errors="0" timestamp="2025-08-24T20:12:49 IST" skipped="0">
  <testcase classname="com.iween.testcase.TCCP_4" name="myTest" time="28.084"/>
</testsuite> <!-- com.iween.testcase.TCCP_4 -->
