<?xml version="1.0" encoding="UTF-8"?>
<!-- Generated by org.testng.reporters.JUnitReportReporter -->
<testsuite hostname="DESKTOP-SEE9OFQ" failures="0" tests="1" name="com.iween.testcase.TCCP_7" time="42.969" errors="0" timestamp="2025-08-22T18:17:33 IST" skipped="0">
  <testcase classname="com.iween.testcase.TCCP_7" name="myTest" time="42.969"/>
</testsuite> <!-- com.iween.testcase.TCCP_7 -->
