<?xml version="1.0" encoding="UTF-8"?>
<!-- Generated by org.testng.reporters.JUnitReportReporter -->
<testsuite hostname="DESKTOP-SEE9OFQ" failures="0" tests="1" name="com.iween.testcase.TCCP_4" time="16.649" errors="0" timestamp="2025-08-22T16:44:01 IST" skipped="0">
  <testcase classname="com.iween.testcase.TCCP_4" name="myTest" time="16.649"/>
</testsuite> <!-- com.iween.testcase.TCCP_4 -->
