<?xml version="1.0" encoding="UTF-8"?>
<!-- Generated by org.testng.reporters.JUnitReportReporter -->
<testsuite hostname="DESKTOP-SEE9OFQ" failures="0" tests="1" name="com.iween.testcase.TCCP_1" time="50.330" errors="0" timestamp="2025-08-16T17:27:24 IST" skipped="0">
  <testcase classname="com.iween.testcase.TCCP_1" name="myTest" time="50.330"/>
</testsuite> <!-- com.iween.testcase.TCCP_1 -->
