<?xml version="1.0" encoding="UTF-8"?>
<!-- Generated by org.testng.reporters.JUnitReportReporter -->
<testsuite hostname="DESKTOP-SEE9OFQ" failures="0" tests="1" name="com.iween.testcase.TCCP_12" time="99.887" errors="0" timestamp="2025-08-23T19:36:43 IST" skipped="0">
  <testcase classname="com.iween.testcase.TCCP_12" name="myTest" time="99.887"/>
</testsuite> <!-- com.iween.testcase.TCCP_12 -->
