<?xml version="1.0" encoding="UTF-8"?>
<!-- Generated by org.testng.reporters.JUnitReportReporter -->
<testsuite hostname="DESKTOP-SEE9OFQ" failures="0" tests="1" name="com.iween.testcase.TCCP_3" time="11.650" errors="0" timestamp="2025-08-22T16:42:43 IST" skipped="0">
  <testcase classname="com.iween.testcase.TCCP_3" name="myTest" time="11.650"/>
</testsuite> <!-- com.iween.testcase.TCCP_3 -->
