<?xml version="1.0" encoding="UTF-8"?>
<!-- Generated by org.testng.reporters.JUnitReportReporter -->
<testsuite hostname="DESKTOP-SEE9OFQ" failures="0" tests="1" name="com.iween.testcase.TCCP_2" time="6.836" errors="0" timestamp="2025-08-25T10:54:51 IST" skipped="0">
  <testcase classname="com.iween.testcase.TCCP_2" name="myTest" time="6.836"/>
</testsuite> <!-- com.iween.testcase.TCCP_2 -->
