<?xml version="1.0" encoding="UTF-8"?>
<!-- Generated by org.testng.reporters.JUnitReportReporter -->
<testsuite hostname="DESKTOP-SEE9OFQ" failures="0" tests="1" name="com.iween.testcase.TCCP_6" time="50.122" errors="0" timestamp="2025-08-17T10:29:52 IST" skipped="0">
  <testcase classname="com.iween.testcase.TCCP_6" name="myTest" time="50.122"/>
</testsuite> <!-- com.iween.testcase.TCCP_6 -->
