<?xml version="1.0" encoding="UTF-8"?>
<!-- Generated by org.testng.reporters.JUnitReportReporter -->
<testsuite hostname="DESKTOP-SEE9OFQ" failures="0" tests="1" name="com.iween.testcase.TCCP_3" time="23.466" errors="0" timestamp="2025-08-15T17:19:09 IST" skipped="0">
  <testcase classname="com.iween.testcase.TCCP_3" name="myTest" time="23.466"/>
</testsuite> <!-- com.iween.testcase.TCCP_3 -->
