<?xml version="1.0" encoding="UTF-8"?>
<!-- Generated by org.testng.reporters.JUnitReportReporter -->
<testsuite hostname="DESKTOP-SEE9OFQ" failures="0" tests="1" name="com.iween.testcaseRoundTrip.TCCPR_4" time="124.379" errors="0" timestamp="2025-08-24T20:12:49 IST" skipped="0">
  <testcase classname="com.iween.testcaseRoundTrip.TCCPR_4" name="myTest" time="124.379"/>
</testsuite> <!-- com.iween.testcaseRoundTrip.TCCPR_4 -->
