<?xml version="1.0" encoding="UTF-8"?>
<!-- Generated by org.testng.reporters.JUnitReportReporter -->
<testsuite hostname="DESKTOP-SEE9OFQ" failures="0" tests="1" name="com.iween.testcase.TCCP_8" time="108.770" errors="0" timestamp="2025-08-22T18:54:03 IST" skipped="0">
  <testcase classname="com.iween.testcase.TCCP_8" name="myTest" time="108.770"/>
</testsuite> <!-- com.iween.testcase.TCCP_8 -->
