<?xml version="1.0" encoding="UTF-8"?>
<!-- Generated by org.testng.reporters.JUnitReportReporter -->
<testsuite hostname="DESKTOP-SEE9OFQ" failures="0" tests="1" name="com.iween.testcase.TCCP_1" time="4.910" errors="0" timestamp="2025-08-13T16:59:00 IST" skipped="0">
  <testcase classname="com.iween.testcase.TCCP_1" name="myTest" time="4.910"/>
</testsuite> <!-- com.iween.testcase.TCCP_1 -->
